[2025-07-24T07:41:59.742Z] INFO: Server running on port 3000
[2025-07-24T07:41:59.798Z] INFO: DB connected
[2025-07-24T07:42:04.210Z] WARN: Product not found: ID 3
[2025-07-24T07:42:26.193Z] INFO: Server running on port 3000
[2025-07-24T07:42:26.349Z] INFO: DB connected
[2025-07-24T07:42:28.802Z] WARN: Product not found: ID 3
[2025-07-24T07:43:13.907Z] INFO: Server running on port 3000
[2025-07-24T07:43:13.963Z] INFO: DB connected
[2025-07-24T07:45:17.322Z] INFO: Server running on port 3000
[2025-07-24T07:45:17.385Z] INFO: DB connected
[2025-07-24T07:45:44.682Z] INFO: Server running on port 3000
[2025-07-24T07:45:44.754Z] INFO: DB connected
[2025-07-24T07:46:02.481Z] INFO: Server running on port 3000
[2025-07-24T07:46:02.632Z] INFO: DB connected
[2025-07-24T07:49:53.575Z] INFO: Server running on port 3000
[2025-07-24T07:49:53.639Z] INFO: DB connected
[2025-07-24T07:54:17.159Z] INFO: Server running on port 3000
[2025-07-24T07:54:17.336Z] INFO: DB connected
[2025-07-24T07:56:34.380Z] INFO: Server running on port 3000
[2025-07-24T07:56:34.452Z] INFO: DB connected
[2025-07-24T07:59:17.699Z] INFO: User login attempt: {"email":"user@example.com","password":"mypassword"}
[2025-07-24T07:59:35.741Z] INFO: User login attempt: {"email":"user@example.com","password":"mypassword"}
[2025-07-24T07:59:55.558Z] INFO: {"email":"user@example.com","password":"mypassword"}:Used Dashboard
[2025-07-24T08:00:30.727Z] ERROR: Error creating product: malformed array literal: "https://example.com/images/keyboard-front.jpg,https://example.com/images/keyboard-back.jpg"
[2025-07-24T08:00:57.077Z] ERROR: Error creating product: malformed array literal: ""
[2025-07-24T08:02:11.708Z] INFO: Server running on port 3000
[2025-07-24T08:02:25.049Z] INFO: Server running on port 3000
[2025-07-24T08:03:15.414Z] WARN: Product not found: ID 2
