[2025-07-24T08:00:30.727Z] ERROR: Error creating product: malformed array literal: "https://example.com/images/keyboard-front.jpg,https://example.com/images/keyboard-back.jpg"
[2025-07-24T08:00:57.077Z] ERROR: Error creating product: malformed array literal: ""
[2025-07-30T09:08:22.518Z] ERROR: Error fetching products
[2025-07-30T09:13:00.023Z] ERROR: Error fetching products
[2025-08-04T07:44:36.414Z] ERROR: Validation failed on order update (Order ID: 1, User ID: 1): {"item":[{"productID":5,"quantity":2}]} [
  {
    "code": "unrecognized_keys",
    "keys": [
      "item"
    ],
    "path": [],
    "message": "Unrecognized key: \"item\""
  }
]
[2025-08-04T07:44:40.386Z] ERROR: Validation failed on order update (Order ID: 2, User ID: 1): {"item":[{"productID":5,"quantity":2}]} [
  {
    "code": "unrecognized_keys",
    "keys": [
      "item"
    ],
    "path": [],
    "message": "Unrecognized key: \"item\""
  }
]
[2025-08-04T07:44:41.529Z] ERROR: Validation failed on order update (Order ID: 3, User ID: 1): {"item":[{"productID":5,"quantity":2}]} [
  {
    "code": "unrecognized_keys",
    "keys": [
      "item"
    ],
    "path": [],
    "message": "Unrecognized key: \"item\""
  }
]
[2025-08-04T07:44:42.903Z] ERROR: Validation failed on order update (Order ID: 4, User ID: 1): {"item":[{"productID":5,"quantity":2}]} [
  {
    "code": "unrecognized_keys",
    "keys": [
      "item"
    ],
    "path": [],
    "message": "Unrecognized key: \"item\""
  }
]
[2025-08-04T07:44:44.022Z] ERROR: Validation failed on order update (Order ID: 5, User ID: 1): {"item":[{"productID":5,"quantity":2}]} [
  {
    "code": "unrecognized_keys",
    "keys": [
      "item"
    ],
    "path": [],
    "message": "Unrecognized key: \"item\""
  }
]
[2025-08-04T07:44:45.246Z] ERROR: Validation failed on order update (Order ID: 6, User ID: 1): {"item":[{"productID":5,"quantity":2}]} [
  {
    "code": "unrecognized_keys",
    "keys": [
      "item"
    ],
    "path": [],
    "message": "Unrecognized key: \"item\""
  }
]
[2025-08-04T07:47:17.157Z] ERROR: Validation failed on order update (Order ID: 1, User ID: 1): {"item":[{"productID":5,"quantity":2}]} [
  {
    "code": "unrecognized_keys",
    "keys": [
      "item"
    ],
    "path": [],
    "message": "Unrecognized key: \"item\""
  }
]
[2025-08-04T07:47:43.036Z] ERROR: Validation failed on order update (Order ID: 3, User ID: 1): {"item":[{"productID":5,"quantity":2}]} [
  {
    "code": "unrecognized_keys",
    "keys": [
      "item"
    ],
    "path": [],
    "message": "Unrecognized key: \"item\""
  }
]
[2025-08-04T08:31:07.459Z] ERROR: Validation failed on order update (Order ID: 1, User ID: 1): {"item":[{"productID":5,"quantity":2}]} [
  {
    "expected": "number",
    "code": "invalid_type",
    "path": [
      "quantity"
    ],
    "message": "Invalid input: expected number, received undefined"
  },
  {
    "code": "unrecognized_keys",
    "keys": [
      "item"
    ],
    "path": [],
    "message": "Unrecognized key: \"item\""
  }
]
[2025-08-04T08:31:08.917Z] ERROR: Validation failed on order update (Order ID: 3, User ID: 1): {"item":[{"productID":5,"quantity":2}]} [
  {
    "expected": "number",
    "code": "invalid_type",
    "path": [
      "quantity"
    ],
    "message": "Invalid input: expected number, received undefined"
  },
  {
    "code": "unrecognized_keys",
    "keys": [
      "item"
    ],
    "path": [],
    "message": "Unrecognized key: \"item\""
  }
]
[2025-08-04T08:31:10.364Z] ERROR: Validation failed on order update (Order ID: 2, User ID: 1): {"item":[{"productID":5,"quantity":2}]} [
  {
    "expected": "number",
    "code": "invalid_type",
    "path": [
      "quantity"
    ],
    "message": "Invalid input: expected number, received undefined"
  },
  {
    "code": "unrecognized_keys",
    "keys": [
      "item"
    ],
    "path": [],
    "message": "Unrecognized key: \"item\""
  }
]
[2025-08-04T08:31:11.603Z] ERROR: Validation failed on order update (Order ID: 4, User ID: 1): {"item":[{"productID":5,"quantity":2}]} [
  {
    "expected": "number",
    "code": "invalid_type",
    "path": [
      "quantity"
    ],
    "message": "Invalid input: expected number, received undefined"
  },
  {
    "code": "unrecognized_keys",
    "keys": [
      "item"
    ],
    "path": [],
    "message": "Unrecognized key: \"item\""
  }
]
[2025-08-04T08:31:12.886Z] ERROR: Validation failed on order update (Order ID: 5, User ID: 1): {"item":[{"productID":5,"quantity":2}]} [
  {
    "expected": "number",
    "code": "invalid_type",
    "path": [
      "quantity"
    ],
    "message": "Invalid input: expected number, received undefined"
  },
  {
    "code": "unrecognized_keys",
    "keys": [
      "item"
    ],
    "path": [],
    "message": "Unrecognized key: \"item\""
  }
]
[2025-08-04T08:31:16.296Z] ERROR: Validation failed on order update (Order ID: 6, User ID: 1): {"item":[{"productID":5,"quantity":2}]} [
  {
    "expected": "number",
    "code": "invalid_type",
    "path": [
      "quantity"
    ],
    "message": "Invalid input: expected number, received undefined"
  },
  {
    "code": "unrecognized_keys",
    "keys": [
      "item"
    ],
    "path": [],
    "message": "Unrecognized key: \"item\""
  }
]
[2025-08-07T08:10:58.612Z] ERROR: Error foudn Unauthorized: Only admin can mark DONE
[2025-08-07T08:10:58.613Z] ERROR: Unexpected order status update error
[2025-08-07T08:12:09.599Z] ERROR: Error foudn Unauthorized: Only admin can mark DONE
[2025-08-07T08:12:09.600Z] ERROR: Unexpected order status update error
